<?xml version="1.0" encoding="UTF-8"?>
<testng-results skipped="0" failed="1" ignored="0" total="1" passed="0">
  <reporter-output>
  </reporter-output>
  <suite name="Default suite" duration-ms="5504" started-at="2019-12-06T19:19:53 BRST" finished-at="2019-12-06T19:19:59 BRST">
    <groups>
    </groups>
    <test name="Default test" duration-ms="5504" started-at="2019-12-06T19:19:53 BRST" finished-at="2019-12-06T19:19:59 BRST">
      <class name="eliazarcs.com.starwars.api.controller.StarWarsControllerTest">
        <test-method status="PASS" signature="springTestContextBeforeTestClass()[pri:0, instance:eliazarcs.com.starwars.api.controller.StarWarsControllerTest@3e27aa33]" name="springTestContextBeforeTestClass" is-config="true" duration-ms="25" started-at="2019-12-06T19:19:53 BRST" finished-at="2019-12-06T19:19:53 BRST">
          <reporter-output>
          </reporter-output>
        </test-method> <!-- springTestContextBeforeTestClass -->
        <test-method status="PASS" signature="springTestContextPrepareTestInstance()[pri:0, instance:eliazarcs.com.starwars.api.controller.StarWarsControllerTest@3e27aa33]" name="springTestContextPrepareTestInstance" is-config="true" duration-ms="5190" started-at="2019-12-06T19:19:53 BRST" depends-on-methods="org.springframework.test.context.testng.AbstractTestNGSpringContextTests.springTestContextBeforeTestClass" finished-at="2019-12-06T19:19:58 BRST">
          <reporter-output>
          </reporter-output>
        </test-method> <!-- springTestContextPrepareTestInstance -->
        <test-method status="PASS" signature="springTestContextBeforeTestMethod(java.lang.reflect.Method)[pri:0, instance:eliazarcs.com.starwars.api.controller.StarWarsControllerTest@3e27aa33]" name="springTestContextBeforeTestMethod" is-config="true" duration-ms="17" started-at="2019-12-06T19:19:58 BRST" finished-at="2019-12-06T19:19:59 BRST">
          <params>
            <param index="0">
              <value>
                <![CDATA[public void eliazarcs.com.starwars.api.controller.StarWarsControllerTest.authenticationService()]]>
              </value>
            </param>
          </params>
          <reporter-output>
          </reporter-output>
        </test-method> <!-- springTestContextBeforeTestMethod -->
        <test-method status="FAIL" signature="authenticationService()[pri:0, instance:eliazarcs.com.starwars.api.controller.StarWarsControllerTest@3e27aa33]" name="authenticationService" duration-ms="206" started-at="2019-12-06T19:19:59 BRST" finished-at="2019-12-06T19:19:59 BRST">
          <exception class="java.lang.AssertionError">
            <message>
              <![CDATA[Response should contain header 'Authorization']]>
            </message>
            <full-stacktrace>
              <![CDATA[java.lang.AssertionError: Response should contain header 'Authorization'
at org.springframework.test.util.AssertionErrors.fail(AssertionErrors.java:37)
at org.springframework.test.util.AssertionErrors.assertTrue(AssertionErrors.java:70)
at org.springframework.test.web.servlet.result.HeaderResultMatchers.lambda$exists$4(HeaderResultMatchers.java:98)
at org.springframework.test.web.servlet.MockMvc$1.andExpect(MockMvc.java:196)
at eliazarcs.com.starwars.api.controller.StarWarsControllerTest.authenticationService(StarWarsControllerTest.java:54)
at sun.reflect.NativeMethodAccessorImpl.invoke0(Native Method)
at sun.reflect.NativeMethodAccessorImpl.invoke(NativeMethodAccessorImpl.java:62)
at sun.reflect.DelegatingMethodAccessorImpl.invoke(DelegatingMethodAccessorImpl.java:43)
at java.lang.reflect.Method.invoke(Method.java:498)
at org.testng.internal.MethodInvocationHelper.invokeMethod(MethodInvocationHelper.java:133)
at org.testng.internal.MethodInvocationHelper$1.runTestMethod(MethodInvocationHelper.java:239)
at org.springframework.test.context.testng.AbstractTestNGSpringContextTests.run(AbstractTestNGSpringContextTests.java:181)
at org.testng.internal.MethodInvocationHelper.invokeHookable(MethodInvocationHelper.java:251)
at org.testng.internal.TestInvoker.invokeMethod(TestInvoker.java:580)
at org.testng.internal.TestInvoker.invokeTestMethod(TestInvoker.java:172)
at org.testng.internal.MethodRunner.runInSequence(MethodRunner.java:46)
at org.testng.internal.TestInvoker$MethodInvocationAgent.invoke(TestInvoker.java:804)
at org.testng.internal.TestInvoker.invokeTestMethods(TestInvoker.java:145)
at org.testng.internal.TestMethodWorker.invokeTestMethods(TestMethodWorker.java:146)
at org.testng.internal.TestMethodWorker.run(TestMethodWorker.java:128)
at java.util.ArrayList.forEach(ArrayList.java:1257)
at org.testng.TestRunner.privateRun(TestRunner.java:770)
at org.testng.TestRunner.run(TestRunner.java:591)
at org.testng.SuiteRunner.runTest(SuiteRunner.java:402)
at org.testng.SuiteRunner.runSequentially(SuiteRunner.java:396)
at org.testng.SuiteRunner.privateRun(SuiteRunner.java:355)
at org.testng.SuiteRunner.run(SuiteRunner.java:304)
at org.testng.SuiteRunnerWorker.runSuite(SuiteRunnerWorker.java:53)
at org.testng.SuiteRunnerWorker.run(SuiteRunnerWorker.java:96)
at org.testng.TestNG.runSuitesSequentially(TestNG.java:1180)
at org.testng.TestNG.runSuitesLocally(TestNG.java:1102)
at org.testng.TestNG.runSuites(TestNG.java:1032)
at org.testng.TestNG.run(TestNG.java:1000)
at org.testng.remote.AbstractRemoteTestNG.run(AbstractRemoteTestNG.java:115)
at org.testng.remote.RemoteTestNG.initAndRun(RemoteTestNG.java:251)
at org.testng.remote.RemoteTestNG.main(RemoteTestNG.java:77)
]]>
            </full-stacktrace>
          </exception> <!-- java.lang.AssertionError -->
          <reporter-output>
          </reporter-output>
        </test-method> <!-- authenticationService -->
        <test-method status="PASS" signature="springTestContextAfterTestMethod(java.lang.reflect.Method)[pri:0, instance:eliazarcs.com.starwars.api.controller.StarWarsControllerTest@3e27aa33]" name="springTestContextAfterTestMethod" is-config="true" duration-ms="5" started-at="2019-12-06T19:19:59 BRST" finished-at="2019-12-06T19:19:59 BRST">
          <params>
            <param index="0">
              <value>
                <![CDATA[public void eliazarcs.com.starwars.api.controller.StarWarsControllerTest.authenticationService()]]>
              </value>
            </param>
          </params>
          <reporter-output>
          </reporter-output>
        </test-method> <!-- springTestContextAfterTestMethod -->
        <test-method status="PASS" signature="springTestContextAfterTestClass()[pri:0, instance:eliazarcs.com.starwars.api.controller.StarWarsControllerTest@3e27aa33]" name="springTestContextAfterTestClass" is-config="true" duration-ms="4" started-at="2019-12-06T19:19:59 BRST" finished-at="2019-12-06T19:19:59 BRST">
          <reporter-output>
          </reporter-output>
        </test-method> <!-- springTestContextAfterTestClass -->
      </class> <!-- eliazarcs.com.starwars.api.controller.StarWarsControllerTest -->
    </test> <!-- Default test -->
  </suite> <!-- Default suite -->
</testng-results>
